e:\mybeautifulworld\illusion_elf\illusionelf\debug\vc141.pdb
e:\mybeautifulworld\illusion_elf\illusionelf\debug\vc141.idb
e:\mybeautifulworld\illusion_elf\illusionelf\debug\illusionelf.obj
e:\mybeautifulworld\illusion_elf\illusionelf\debug\qderender.obj
e:\mybeautifulworld\illusion_elf\illusionelf\debug\timertask.obj
e:\mybeautifulworld\illusion_elf\illusionelf\debug\shadow.obj
e:\mybeautifulworld\illusion_elf\illusionelf\debug\shader.obj
e:\mybeautifulworld\illusion_elf\illusionelf\debug\qdemodel.obj
e:\mybeautifulworld\illusion_elf\illusionelf\debug\purpledreamelf.obj
e:\mybeautifulworld\illusion_elf\illusionelf\debug\plugincontainer.obj
e:\mybeautifulworld\illusion_elf\illusionelf\debug\plugin.obj
e:\mybeautifulworld\illusion_elf\illusionelf\debug\physical.obj
e:\mybeautifulworld\illusion_elf\illusionelf\debug\camera.obj
e:\mybeautifulworld\illusion_elf\illusionelf\debug\biological.obj
e:\mybeautifulworld\illusion_elf\illusionelf\debug\imgui_impl_opengl2.obj
e:\mybeautifulworld\illusion_elf\illusionelf\debug\imgui_impl_glfw.obj
e:\mybeautifulworld\illusion_elf\illusionelf\debug\imgui_widgets.obj
e:\mybeautifulworld\illusion_elf\illusionelf\debug\imgui_draw.obj
e:\mybeautifulworld\illusion_elf\illusionelf\debug\imgui_demo.obj
e:\mybeautifulworld\illusion_elf\illusionelf\debug\imgui.obj
e:\mybeautifulworld\illusion_elf\illusionelf\debug\fantastic.obj
e:\mybeautifulworld\illusion_elf\illusionelf\debug\dimmensionworldconsole.obj
e:\mybeautifulworld\illusion_elf\illusionelf\debug\pqemodel.obj
e:\mybeautifulworld\illusion_elf\illusionelf\debug\glad.obj
e:\mybeautifulworld\illusion_elf\illusionelf\debug\pqeexport.obj
e:\mybeautifulworld\illusion_elf\illusionelf\debug\pqerender.obj
e:\mybeautifulworld\illusion_elf\illusionelf\debug\pqeimport.obj
e:\mybeautifulworld\illusion_elf\illusionelf\debug\pqeoperator.obj
e:\mybeautifulworld\illusion_elf\illusionelf\debug\pqemodelrender.obj
e:\mybeautifulworld\illusion_elf\illusionelf\debug\illusionelf.new.obj.enc
e:\mybeautifulworld\illusion_elf\illusionelf\debug\pqemodel.obj.enc
e:\mybeautifulworld\illusion_elf\debug\illusionelf.pdb
e:\mybeautifulworld\illusion_elf\illusionelf\debug\illusionelf.tlog\cl.command.1.tlog
e:\mybeautifulworld\illusion_elf\illusionelf\debug\illusionelf.tlog\cl.read.1.tlog
e:\mybeautifulworld\illusion_elf\illusionelf\debug\illusionelf.tlog\cl.write.1.tlog
e:\mybeautifulworld\illusion_elf\illusionelf\debug\illusionelf.tlog\link.21352-cvtres.read.1.tlog
e:\mybeautifulworld\illusion_elf\illusionelf\debug\illusionelf.tlog\link.21352-cvtres.write.1.tlog
e:\mybeautifulworld\illusion_elf\illusionelf\debug\illusionelf.tlog\link.21352-rc.read.1.tlog
e:\mybeautifulworld\illusion_elf\illusionelf\debug\illusionelf.tlog\link.21352-rc.write.1.tlog
e:\mybeautifulworld\illusion_elf\illusionelf\debug\illusionelf.tlog\link.21352.read.1.tlog
e:\mybeautifulworld\illusion_elf\illusionelf\debug\illusionelf.tlog\link.21352.write.1.tlog
e:\mybeautifulworld\illusion_elf\illusionelf\debug\illusionelf.tlog\link.command.1.tlog
e:\mybeautifulworld\illusion_elf\illusionelf\debug\illusionelf.tlog\link.read.1.tlog
e:\mybeautifulworld\illusion_elf\illusionelf\debug\illusionelf.tlog\link.write.1.tlog
